mode: set
my-task-app/features/user/service/logic.go:20.94,26.2 1 1
my-task-app/features/user/service/logic.go:29.59,37.24 2 0
my-task-app/features/user/service/logic.go:37.24,39.3 1 0
my-task-app/features/user/service/logic.go:41.2,41.26 1 0
my-task-app/features/user/service/logic.go:41.26,43.21 2 0
my-task-app/features/user/service/logic.go:43.21,45.4 1 0
my-task-app/features/user/service/logic.go:46.3,46.30 1 0
my-task-app/features/user/service/logic.go:48.2,49.12 2 0
my-task-app/features/user/service/logic.go:53.74,56.2 2 1
my-task-app/features/user/service/logic.go:59.76,61.22 1 0
my-task-app/features/user/service/logic.go:61.22,63.3 1 0
my-task-app/features/user/service/logic.go:66.2,67.12 2 0
my-task-app/features/user/service/logic.go:71.59,73.22 1 0
my-task-app/features/user/service/logic.go:73.22,75.3 1 0
my-task-app/features/user/service/logic.go:76.2,77.12 2 0
my-task-app/features/user/service/logic.go:81.109,82.35 1 0
my-task-app/features/user/service/logic.go:82.35,84.3 1 0
my-task-app/features/user/service/logic.go:86.2,87.16 2 0
my-task-app/features/user/service/logic.go:87.16,89.3 1 0
my-task-app/features/user/service/logic.go:90.2,91.14 2 0
my-task-app/features/user/service/logic.go:91.14,93.3 1 0
my-task-app/features/user/service/logic.go:94.2,96.19 3 0
my-task-app/features/user/service/logic.go:96.19,98.3 1 0
my-task-app/features/user/service/logic.go:99.2,99.25 1 0
